<?xml version="1.0" encoding="UTF-8"?>
<testsuite xmlns:xsi="http://www.w3.org/2001/XMLSchema-instance" xsi:noNamespaceSchemaLocation="https://maven.apache.org/surefire/maven-surefire-plugin/xsd/surefire-test-report-3.0.xsd" version="3.0" name="de.orat.math.cgacasadi.UtilsTest" time="0.018" tests="1" errors="0" skipped="0" failures="0">
  <properties>
[...]
</properties>
  <testcase name="testMatrixExpr" classname="de.orat.math.cgacasadi.UtilsTest" time="0.015">
    <system-out><![CDATA[A:(project((zeros(2x2,1nz)[0] = x[0]))[1] = (3*x[0]))
A[0][0]=x_0
]]></system-out>
  </testcase>
</testsuite>